# stats: dump at 1447916033
stats: users 3 3
stats: {load,"tsung_controller@ip-172-30-3-235"} 1 0.3984375 0 0.3984375 0.3984375 0 0
stats: {freemem,"tsung_controller@ip-172-30-3-235"} 1 3169.26171875 0 3169.26171875 3169.26171875 0 0
stats: {cpu,"tsung_controller@ip-172-30-3-235"} 1 2.424772352976178 0 2.424772352976178 2.424772352976178 0 0
stats: session 1 1505.531005859375 0 1505.531005859375 1505.531005859375 0 0
stats: users_count 4 4
stats: finish_users_count 1 1
stats: request 5 34.672265625 45.97450765565996 126.5869140625 9.869873046875 0 0
stats: connect 3 39.678059895833336 54.08815353504079 116.169921875 1.235107421875 0 0
stats: page 5 34.672265625 45.97450765565996 126.5869140625 9.869873046875 0 0
stats: error_unknown 1 1
stats: 200 5 5
stats: size_rcv 11666 11666
stats: size_sent 1285 1285
stats: connected 2 2
# stats: dump at 1447916043
stats: users 1 5
stats: {load,"tsung_controller@ip-172-30-3-235"} 1 0.33984375 0.0 0.3984375 0.33984375 0.3984375 1
stats: {freemem,"tsung_controller@ip-172-30-3-235"} 1 3168.18359375 0.0 3169.26171875 3168.18359375 3169.26171875 1
stats: {recvpackets,"tsung_controller@ip-172-30-3-235"} 1 85 0 85 85 0 0
stats: {sentpackets,"tsung_controller@ip-172-30-3-235"} 1 164 0 164 164 0 0
stats: {cpu,"tsung_controller@ip-172-30-3-235"} 1 3.0214424951267054 0.0 3.0214424951267054 2.424772352976178 2.424772352976178 1
stats: session 11 3083.4541015625 2504.4759757861766 9045.9541015625 394.031982421875 1505.531005859375 1
stats: users_count 9 13
stats: finish_users_count 11 12
stats: request 31 26.263018208165324 49.39641918856324 288.93505859375 1.35205078125 34.672265625 5
stats: connect 10 1.9503173828125 0.8403654757931257 116.169921875 1.057861328125 39.678059895833336 3
stats: page 29 28.083959119073278 51.593218716369364 288.93505859375 1.35205078125 34.672265625 5
stats: error_unknown 4 5
stats: 302 9 9
stats: 200 22 27
stats: size_rcv 57433 69099
stats: size_sent 23506 24791
stats: connected -1 1
# stats: dump at 1447916053
stats: users 1 5
stats: {load,"tsung_controller@ip-172-30-3-235"} 1 0.2890625 0.0 0.3984375 0.2890625 0.369140625 2
stats: {freemem,"tsung_controller@ip-172-30-3-235"} 1 3166.6484375 0.0 3169.26171875 3166.6484375 3168.72265625 2
stats: {recvpackets,"tsung_controller@ip-172-30-3-235"} 1 138.0 0.0 138 85 85.0 1
stats: {sentpackets,"tsung_controller@ip-172-30-3-235"} 1 231.0 0.0 231 164 164.0 1
stats: {cpu,"tsung_controller@ip-172-30-3-235"} 1 1.2770137524557956 0.0 3.0214424951267054 1.2770137524557956 2.7231074240514417 2
stats: session 6 3349.020548502604 4272.309774902698 12376.260986328125 161.724853515625 2951.9605102539063 12
stats: users_count 6 19
stats: finish_users_count 6 18
stats: request 22 35.62192604758522 75.08268683248782 358.7998046875 1.35205078125 27.43096923828125 36
stats: connect 8 19.5084228515625 34.90580794524935 116.169921875 1.057861328125 10.656719501201923 13
stats: page 22 35.62192604758522 75.08268683248782 358.7998046875 1.35205078125 29.05282772288603 34
stats: error_unknown 3 8
stats: 302 1 10
stats: 200 21 48
stats: size_rcv 64722 133821
stats: size_sent 14708 39499
stats: connected 0 1
# stats: dump at 1447916063
stats: users 7 7
stats: {load,"tsung_controller@ip-172-30-3-235"} 1 0.23828125 0.0 0.3984375 0.23828125 0.3424479166666667 3
stats: {freemem,"tsung_controller@ip-172-30-3-235"} 1 3164.01171875 0.0 3169.26171875 3164.01171875 3168.03125 3
stats: {recvpackets,"tsung_controller@ip-172-30-3-235"} 1 131.0 0.0 138 85 111.5 2
stats: {sentpackets,"tsung_controller@ip-172-30-3-235"} 1 137.0 0.0 231 137 197.5 2
stats: {cpu,"tsung_controller@ip-172-30-3-235"} 1 1.4851485148514851 0.0 3.0214424951267054 1.2770137524557956 2.2410762001862263 3
stats: session 6 1840.2599283854167 1758.3015558441482 12376.260986328125 161.724853515625 3084.3138563368057 18
stats: users_count 12 31
stats: finish_users_count 6 24
stats: request 29 19.499772696659484 31.743060346427797 358.7998046875 1.35205078125 30.537883890086203 58
stats: connect 15 8.913264973958333 14.894551324642693 116.169921875 1.057861328125 14.028796968005953 21
stats: page 29 19.499772696659484 31.743060346427797 358.7998046875 1.35205078125 31.633544921874996 56
stats: error_unknown 3 11
stats: 302 0 10
stats: 200 29 77
stats: size_rcv 93085 226906
stats: newphase 1 1
stats: size_sent 7768 47267
stats: connected 6 7
# stats: dump at 1447916073
stats: users 13 18
stats: {load,"tsung_controller@ip-172-30-3-235"} 1 0.2109375 0.0 0.3984375 0.2109375 0.31640625 4
stats: {freemem,"tsung_controller@ip-172-30-3-235"} 1 3164.22265625 0.0 3169.26171875 3164.01171875 3167.0263671875 4
stats: {recvpackets,"tsung_controller@ip-172-30-3-235"} 1 204.0 0.0 204 85 118.0 3
stats: {sentpackets,"tsung_controller@ip-172-30-3-235"} 1 226.0 0.0 231 137 177.33333333333334 3
stats: {cpu,"tsung_controller@ip-172-30-3-235"} 1 1.87192118226601 0.0 3.0214424951267054 1.2770137524557956 2.052094278852541 4
stats: session 19 3917.8481059827304 2426.086315131335 12376.260986328125 161.724853515625 2773.3003743489585 24
stats: users_count 25 56
stats: finish_users_count 19 43
stats: request 112 43.6960688999721 83.70563857489708 519.7841796875 1.322021484375 26.8585134922773 87
stats: connect 26 3.0542931189903846 8.600958564241276 116.169921875 0.986083984375 11.897325303819445 36
stats: page 103 47.526781989532765 86.91931521553818 519.7841796875 1.322021484375 27.493787339154412 85
stats: error_unknown 12 23
stats: 302 30 40
stats: 200 82 159
stats: size_rcv 268198 495104
stats: newphase 0 1
stats: size_sent 73987 121254
stats: connected 8 15
# stats: dump at 1447916083
stats: users 19 19
stats: {load,"tsung_controller@ip-172-30-3-235"} 1 0.1796875 0.0 0.3984375 0.1796875 0.2953125 5
stats: {freemem,"tsung_controller@ip-172-30-3-235"} 1 3161.59765625 0.0 3169.26171875 3161.59765625 3166.465625 5
stats: {recvpackets,"tsung_controller@ip-172-30-3-235"} 1 450.0 0.0 450 85 139.5 4
stats: {sentpackets,"tsung_controller@ip-172-30-3-235"} 1 492.0 0.0 492 137 189.5 4
stats: {cpu,"tsung_controller@ip-172-30-3-235"} 1 3.054187192118227 0.0 3.054187192118227 1.2770137524557956 2.0160596595352347 5
stats: session 15 7955.105240885417 6074.507502755742 19344.51318359375 161.724853515625 3279.030767396439 43
stats: users_count 21 77
stats: finish_users_count 15 58
stats: request 69 48.25310306272645 80.76513161967586 592.025146484375 1.278076171875 36.334926586055275 199
stats: connect 21 5.971586681547619 11.786597157011794 116.169921875 0.986083984375 8.188956968245968 62
stats: page 66 50.452895655776516 82.01019002251557 592.025146484375 1.278076171875 38.46931100398936 188
stats: error_unknown 6 29
stats: 302 21 61
stats: 200 48 207
stats: size_rcv 201510 696614
stats: newphase 0 1
stats: size_sent 88017 209271
stats: connected 2 17
# stats: dump at 1447916093
stats: users 23 23
stats: {load,"tsung_controller@ip-172-30-3-235"} 1 0.1484375 0.0 0.3984375 0.1484375 0.2760416666666667 6
stats: {freemem,"tsung_controller@ip-172-30-3-235"} 1 3161.8203125 0.0 3169.26171875 3161.59765625 3165.654296875 6
stats: {recvpackets,"tsung_controller@ip-172-30-3-235"} 1 428.0 0.0 450 85 201.6 5
stats: {sentpackets,"tsung_controller@ip-172-30-3-235"} 1 432.0 0.0 492 137 250.0 5
stats: {cpu,"tsung_controller@ip-172-30-3-235"} 1 2.422480620155039 0.0 3.054187192118227 1.2770137524557956 2.1890809149657335 6
stats: session 24 3734.139099121094 3295.8308716643533 19344.51318359375 161.724853515625 4488.360372609106 58
stats: users_count 28 105
stats: finish_users_count 24 82
stats: request 138 30.96685879472373 34.2464135863073 592.025146484375 1.259033203125 39.40341232072061 268
stats: connect 37 12.591024862753379 17.627246884710193 116.169921875 0.986083984375 7.627935570406627 83
stats: page 130 32.88294020432692 35.54633396502742 592.025146484375 1.259033203125 41.583155834768704 254
stats: error_unknown 10 39
stats: 302 32 93
stats: 200 106 313
stats: size_rcv 442772 1139386
stats: newphase 1 2
stats: size_sent 96072 305343
stats: connected 4 21
# stats: dump at 1447916103
stats: users 21 31
stats: {load,"tsung_controller@ip-172-30-3-235"} 1 0.12890625 0.0 0.3984375 0.12890625 0.2578125 7
stats: {freemem,"tsung_controller@ip-172-30-3-235"} 1 3160.01171875 0.0 3169.26171875 3160.01171875 3165.1065848214284 7
stats: {recvpackets,"tsung_controller@ip-172-30-3-235"} 1 781.0 0.0 781 85 239.33333333333334 6
stats: {sentpackets,"tsung_controller@ip-172-30-3-235"} 1 802.0 0.0 802 137 280.3333333333333 6
stats: {cpu,"tsung_controller@ip-172-30-3-235"} 1 3.72848948374761 0.0 3.72848948374761 1.2770137524557956 2.222423729992777 7
stats: session 40 6732.5960144042965 7156.239145633694 30488.8798828125 161.724853515625 4267.612682807737 82
stats: users_count 38 143
stats: finish_users_count 40 122
stats: request 214 61.59080434068341 124.18134830482917 805.89501953125 1.259033203125 36.535815309421174 406
stats: connect 56 13.216748918805802 17.439226570158574 116.169921875 0.986083984375 9.158221435546874 120
stats: page 200 65.91431518554683 127.64930162094572 805.89501953125 1.259033203125 38.637770334879555 384
stats: error_unknown 11 50
stats: 302 52 145
stats: 200 162 475
stats: size_rcv 696983 1836369
stats: newphase 0 2
stats: size_sent 165111 470454
stats: connected 1 22
# stats: dump at 1447916113
stats: users 28 34
stats: {load,"tsung_controller@ip-172-30-3-235"} 1 0.109375 0.0 0.3984375 0.109375 0.24169921875 8
stats: {freemem,"tsung_controller@ip-172-30-3-235"} 1 3159.78125 0.0 3169.26171875 3159.78125 3164.4697265625 8
stats: {recvpackets,"tsung_controller@ip-172-30-3-235"} 1 1037.0 0.0 1037 85 316.7142857142857 7
stats: {sentpackets,"tsung_controller@ip-172-30-3-235"} 1 1040.0 0.0 1040 137 354.85714285714283 7
stats: {cpu,"tsung_controller@ip-172-30-3-235"} 1 4.680038204393505 0.0 4.680038204393505 1.2770137524557956 2.410681949212131 8
stats: session 40 5389.506701660156 4925.192715271057 30488.8798828125 122.3828125 5075.803939068904 122
stats: users_count 47 190
stats: finish_users_count 40 162
stats: request 219 39.15197586686643 48.03006623212554 805.89501953125 1.259033203125 45.18382765246975 620
stats: connect 54 6.536910445601852 13.04630787578325 116.169921875 0.97802734375 10.44957108931108 176
stats: page 207 41.430086145078505 48.70748011325512 805.89501953125 1.259033203125 47.979052817984794 584
stats: error_unknown 16 66
stats: 302 73 218
stats: 200 146 621
stats: size_rcv 677013 2513382
stats: newphase 0 2
stats: size_sent 227722 698176
stats: connected 6 28
# stats: dump at 1447916123
stats: users 37 37
stats: {load,"tsung_controller@ip-172-30-3-235"} 1 0.08984375 0.0 0.3984375 0.08984375 0.2269965277777778 9
stats: {freemem,"tsung_controller@ip-172-30-3-235"} 1 3158.16796875 0.0 3169.26171875 3158.16796875 3163.948784722222 9
stats: {recvpackets,"tsung_controller@ip-172-30-3-235"} 1 1102.0 0.0 1102 85 406.75 8
stats: {sentpackets,"tsung_controller@ip-172-30-3-235"} 1 1174.0 0.0 1174 137 440.5 8
stats: {cpu,"tsung_controller@ip-172-30-3-235"} 1 5.118110236220472 0.0 5.118110236220472 1.2770137524557956 2.6628326442322834 9
stats: session 41 6816.192543588034 6976.7376994729875 31144.009033203125 122.3828125 5153.261411313658 162
stats: users_count 50 240
stats: finish_users_count 41 203
stats: request 236 44.311588610632924 65.36816743776988 805.89501953125 1.259033203125 43.60936336039928 839
stats: connect 57 7.326493112664471 14.49293519219823 116.169921875 0.945068359375 9.530946416440218 230
stats: page 218 47.981242608586584 67.32002503599445 805.89501953125 1.259033203125 46.26522715263511 791
stats: error_unknown 14 80
stats: 302 77 295
stats: 200 159 780
stats: size_rcv 750740 3264122
stats: newphase 1 3
stats: size_sent 243920 942096
stats: connected 8 36
# stats: dump at 1447916133
stats: users 56 69
stats: {load,"tsung_controller@ip-172-30-3-235"} 1 0.078125 0.0 0.3984375 0.078125 0.21328125 10
stats: {freemem,"tsung_controller@ip-172-30-3-235"} 1 3156.60546875 0.0 3169.26171875 3156.60546875 3163.370703125 10
stats: {recvpackets,"tsung_controller@ip-172-30-3-235"} 1 1330.0 0.0 1330 85 484.0 9
stats: {sentpackets,"tsung_controller@ip-172-30-3-235"} 1 1368.0 0.0 1368 137 522.0 9
stats: {cpu,"tsung_controller@ip-172-30-3-235"} 1 5.593719332679097 0.0 5.593719332679097 1.2770137524557956 2.9083604034311024 10
stats: session 76 6390.470937628495 6467.772822406605 34217.775146484375 122.3828125 5489.124349359221 203
stats: users_count 95 335
stats: finish_users_count 76 279
stats: request 424 61.080408060325716 98.95604626354819 844.97216796875 1.259033203125 43.76352629905522 1075
stats: connect 114 8.102271364446272 14.672857169244265 116.169921875 0.89208984375 9.09312816447082 287
stats: page 396 65.41209026298135 103.06025562986345 844.97216796875 1.259033203125 46.63598173082879 1009
stats: error_unknown 30 110
stats: 302 122 417
stats: 200 302 1082
stats: size_rcv 1470931 4735053
stats: newphase 0 3
stats: size_sent 398006 1340102
stats: connected 20 56
# stats: dump at 1447916143
stats: users 61 69
stats: {load,"tsung_controller@ip-172-30-3-235"} 1 0.05859375 0.0 0.3984375 0.05859375 0.20099431818181818 11
stats: {freemem,"tsung_controller@ip-172-30-3-235"} 1 3153.3046875 0.0 3169.26171875 3153.3046875 3162.755681818182 11
stats: {recvpackets,"tsung_controller@ip-172-30-3-235"} 1 2353.0 0.0 2353 85 568.6 10
stats: {sentpackets,"tsung_controller@ip-172-30-3-235"} 1 2375.0 0.0 2375 137 606.6 10
stats: {cpu,"tsung_controller@ip-172-30-3-235"} 1 9.683604985618409 0.0 9.683604985618409 1.2770137524557956 3.1524839424536477 11
stats: session 81 6552.905074508102 5028.358935589563 34217.775146484375 122.3828125 5734.652452256944 279
stats: users_count 86 421
stats: finish_users_count 81 360
stats: request 453 105.23973585385625 188.30379428605735 1334.612060546875 1.259033203125 48.66169699070212 1499
stats: connect 118 12.99301716432733 18.18806743548014 116.169921875 0.89208984375 8.81143820137157 401
stats: page 427 111.65715223397247 193.97975328744067 1334.612060546875 1.259033203125 51.92803794344972 1405
stats: error_unknown 14 124
stats: 302 137 554
stats: 200 316 1398
stats: size_rcv 2014410 6749463
stats: newphase 0 3
stats: size_sent 434353 1774455
stats: connected 5 61
# stats: dump at 1447916153
stats: users 103 107
stats: {load,"tsung_controller@ip-172-30-3-235"} 1 0.05078125 0.0 0.3984375 0.05078125 0.18912760416666666 12
stats: {freemem,"tsung_controller@ip-172-30-3-235"} 1 3149.40625 0.0 3169.26171875 3149.40625 3161.9680989583335 12
stats: {recvpackets,"tsung_controller@ip-172-30-3-235"} 1 3013.0 0.0 3013 85 730.8181818181819 11
stats: {sentpackets,"tsung_controller@ip-172-30-3-235"} 1 2718.0 0.0 2718 137 767.3636363636364 11
stats: {cpu,"tsung_controller@ip-172-30-3-235"} 1 11.141552511415526 0.0 11.141552511415526 1.2770137524557956 3.6967440293840443 12
stats: session 90 5444.51953125 5464.037535771894 34217.775146484375 122.3828125 5918.759292263455 360
stats: users_count 132 553
stats: finish_users_count 90 450
stats: request 518 136.6438996893099 258.0518509709191 2277.26611328125 1.242919921875 61.79174391949761 1952
stats: connect 154 7.953345360693992 14.038198426455713 116.169921875 0.884033203125 9.762163283507949 519
stats: page 485 145.02151508134665 265.8024555153442 2277.26611328125 1.242919921875 65.84961643802025 1832
stats: error_unknown 42 166
stats: 302 144 698
stats: 200 374 1772
stats: size_rcv 2090244 8839707
stats: newphase 1 4
stats: size_sent 485057 2259512
stats: connected 42 103
# stats: dump at 1447916163
stats: users 132 145
stats: {load,"tsung_controller@ip-172-30-3-235"} 1 0.05078125 0.0 0.3984375 0.05078125 0.17848557692307693 13
stats: {freemem,"tsung_controller@ip-172-30-3-235"} 1 3139.09765625 0.0 3169.26171875 3139.09765625 3161.0018028846152 13
stats: {recvpackets,"tsung_controller@ip-172-30-3-235"} 1 3448.0 0.0 3448 85 921.0 12
stats: {sentpackets,"tsung_controller@ip-172-30-3-235"} 1 3021.0 0.0 3021 137 929.9166666666666 12
stats: {cpu,"tsung_controller@ip-172-30-3-235"} 1 12.746858168761221 0.0 12.746858168761221 1.2770137524557956 4.269421604924927 13
stats: session 118 7659.157325873941 5884.9779430898225 34217.775146484375 122.3828125 5823.911340060764 450
stats: users_count 147 700
stats: finish_users_count 118 568
stats: request 620 874.1986603767641 817.1449185027413 4564.405029296875 1.242919921875 77.489483469604 2470
stats: connect 181 9.391917191816294 15.182295989706837 116.169921875 0.8818359375 9.348258439357355 673
stats: page 581 928.5270105253602 880.5402372192858 4564.405029296875 1.242919921875 82.42206824726208 2317
stats: error_unknown 52 218
stats: 302 141 839
stats: 200 479 2251
stats: size_rcv 3073062 11912769
stats: newphase 0 4
stats: size_sent 480915 2740427
stats: connected 31 134
# stats: dump at 1447916173
stats: users 187 189
stats: {load,"tsung_controller@ip-172-30-3-235"} 1 0.0390625 0.0 0.3984375 0.0390625 0.16936383928571427 14
stats: {freemem,"tsung_controller@ip-172-30-3-235"} 1 3133.3515625 0.0 3169.26171875 3133.3515625 3159.4372209821427 14
stats: {recvpackets,"tsung_controller@ip-172-30-3-235"} 1 4633.0 0.0 4633 85 1115.3846153846155 13
stats: {sentpackets,"tsung_controller@ip-172-30-3-235"} 1 4096.0 0.0 4096 137 1090.7692307692307 13
stats: {cpu,"tsung_controller@ip-172-30-3-235"} 1 16.71183378500452 0.0 16.71183378500452 1.2770137524557956 4.874952788056092 14
stats: session 97 9904.35194255397 5470.236341468283 34217.775146484375 122.3828125 6205.177231479698 568
stats: users_count 152 852
stats: finish_users_count 97 665
stats: request 583 1362.1813198501827 1084.593174933649 5154.073974609375 1.242919921875 237.34698822120248 3090
stats: connect 186 8.832402711273525 15.563152785422625 116.169921875 0.8818359375 9.357511640990923 854
stats: page 545 1442.188362331566 1206.467466458223 5154.073974609375 1.242919921875 252.05180305180832 2898
stats: error_unknown 36 254
stats: 302 150 989
stats: 200 433 2684
stats: size_rcv 3072402 14985171
stats: newphase 0 4
stats: size_sent 523086 3263513
stats: connected 53 187
# stats: dump at 1447916183
stats: users 116 211
stats: {load,"tsung_controller@ip-172-30-3-235"} 1 0.03125 0.0 0.3984375 0.03125 0.16067708333333333 15
stats: {freemem,"tsung_controller@ip-172-30-3-235"} 1 3122.48046875 0.0 3169.26171875 3122.48046875 3157.698177083333 15
stats: {recvpackets,"tsung_controller@ip-172-30-3-235"} 1 4451.0 0.0 4633 85 1366.642857142857 14
stats: {sentpackets,"tsung_controller@ip-172-30-3-235"} 1 3807.0 0.0 4096 137 1305.4285714285713 14
stats: {cpu,"tsung_controller@ip-172-30-3-235"} 1 16.74641148325359 0.0 16.74641148325359 1.2770137524557956 5.664078187852653 15
stats: session 112 13619.491452898297 8221.689188168522 49645.90380859375 122.3828125 6744.756099110081 665
stats: users_count 41 893
stats: finish_users_count 112 777
stats: request 559 1936.8794600430506 1870.2745040690875 8086.02392578125 1.22900390625 415.8872592094125 3673
stats: connect 74 20.105333482896963 20.10762165773516 116.169921875 0.8818359375 9.263597928560696 1040
stats: page 517 2080.474567819149 2104.1720176756107 8706.7509765625 1.22900390625 440.4411219038176 3443
stats: error_unknown 40 294
stats: 302 180 1169
stats: 200 379 3063
stats: size_rcv 2849693 17834864
stats: newphase 0 4
stats: size_sent 537192 3800705
stats: connected -71 116
# stats: dump at 1447916193
stats: users 21 211
stats: {load,"tsung_controller@ip-172-30-3-235"} 1 0.03125 0.0 0.3984375 0.03125 0.152587890625 16
stats: {freemem,"tsung_controller@ip-172-30-3-235"} 1 3130.9765625 0.0 3169.26171875 3122.48046875 3155.4970703125 16
stats: {recvpackets,"tsung_controller@ip-172-30-3-235"} 1 4356.0 0.0 4633 85 1572.2666666666667 15
stats: {sentpackets,"tsung_controller@ip-172-30-3-235"} 1 3489.0 0.0 4096 137 1472.2 15
stats: {cpu,"tsung_controller@ip-172-30-3-235"} 1 15.494296577946768 0.0 16.74641148325359 1.2770137524557956 6.356724018815212 16
stats: session 95 20460.392950760684 6818.519811552046 49645.90380859375 122.3828125 7735.708942899374 777
stats: users_count 0 893
stats: finish_users_count 95 872
stats: request 378 544.9890588831024 1216.9057719386751 8086.02392578125 1.22900390625 616.7933651323812 4232
stats: connect 20 44.5905029296875 5.222062631736877 116.169921875 0.8818359375 9.983785030015708 1114
stats: page 360 622.9973069932719 1427.38089390272 8706.7509765625 1.22900390625 654.5565995649858 3960
stats: error_unknown 5 299
stats: 302 240 1409
stats: 200 138 3201
stats: size_rcv 1134752 18969616
stats: newphase 0 4
stats: size_sent 677845 4478550
stats: connected -89 27
# stats: dump at 1447916203
stats: users 2 211
stats: {load,"tsung_controller@ip-172-30-3-235"} 1 0.01953125 0.0 0.3984375 0.01953125 0.14545036764705882 17
stats: {freemem,"tsung_controller@ip-172-30-3-235"} 1 3136.42578125 0.0 3169.26171875 3122.48046875 3154.0546875 17
stats: {recvpackets,"tsung_controller@ip-172-30-3-235"} 1 1126.0 0.0 4633 85 1746.25 16
stats: {sentpackets,"tsung_controller@ip-172-30-3-235"} 1 1250.0 0.0 4096 137 1598.25 16
stats: {cpu,"tsung_controller@ip-172-30-3-235"} 1 4.207436399217221 0.0 16.74641148325359 1.2770137524557956 6.894228286999422 17
stats: session 19 24279.924907483553 3510.9961563686084 49645.90380859375 122.3828125 9121.999058434723 872
stats: users_count 0 893
stats: finish_users_count 19 891
stats: request 46 94.0431598165761 79.30476174234501 8086.02392578125 1.22900390625 610.9057235353687 4610
stats: connect 1 44.21484375 0.0 116.169921875 0.8818359375 10.594132788387345 1134
stats: page 45 96.13614366319445 78.96666447708294 8706.7509765625 1.22900390625 651.926658517343 4320
stats: error_unknown 0 299
stats: 302 41 1450
stats: 200 5 3206
stats: size_rcv 50037 19019653
stats: newphase 0 4
stats: size_sent 226958 4705508
stats: connected -25 2
# stats: dump at 1447916206
stats: users 0 211
stats: {load,"tsung_controller@ip-172-30-3-235"} 1 0.01953125 0.0 0.3984375 0.01953125 0.1384548611111111 18
stats: {freemem,"tsung_controller@ip-172-30-3-235"} 1 3136.67578125 0.0 3169.26171875 3122.48046875 3153.0753038194443 18
stats: {recvpackets,"tsung_controller@ip-172-30-3-235"} 1 128.0 0.0 4633 85 1709.764705882353 17
stats: {sentpackets,"tsung_controller@ip-172-30-3-235"} 1 286.0 0.0 4096 137 1577.764705882353 17
stats: {cpu,"tsung_controller@ip-172-30-3-235"} 1 1.5444015444015444 0.0 16.74641148325359 1.2770137524557956 6.744962071011521 18
stats: session 2 37231.103515625 2594.219482421875 49645.90380859375 122.3828125 9445.232045114777 891
stats: users_count 0 893
stats: finish_users_count 2 893
stats: request 5 68.756201171875 61.33965498491403 8086.02392578125 1.22900390625 605.7992634986281 4656
stats: connect 0 0 0 116.169921875 0.8818359375 10.62375456015969 1135
stats: page 5 68.756201171875 61.33965498491403 8706.7509765625 1.22900390625 646.1968593951352 4365
stats: error_unknown 0 299
stats: 302 5 1455
stats: 200 0 3206
stats: size_rcv 3990 19023643
stats: newphase 0 4
stats: size_sent 20491 4725999
stats: connected -2 0
EndMonitor:{1447,916206,738608}
