# stats: dump at 1449570091
stats: users 5 5
stats: {freemem,"tsung_controller@ip-172-30-3-119"} 1 3172.234375 0 3172.234375 3172.234375 0 0
stats: {cpu,"tsung_controller@ip-172-30-3-119"} 1 26.42244193638653 0 26.42244193638653 26.42244193638653 0 0
stats: {load,"tsung_controller@ip-172-30-3-119"} 1 0.0390625 0 0.0390625 0.0390625 0 0
stats: session 3 1458.67333984375 519.6543521260711 2063.968017578125 795.090087890625 0 0
stats: users_count 8 8
stats: finish_users_count 3 3
stats: request 11 16.402698863636363 32.680506850250254 119.678955078125 4.511962890625 0 0
stats: connect 8 14.6768798828125 36.84938003772766 112.171142578125 0.672119140625 0 0
stats: page 11 16.402698863636363 32.680506850250254 119.678955078125 4.511962890625 0 0
stats: error_unknown 1 1
stats: 200 11 11
stats: size_rcv 26122 26122
stats: size_sent 1658 1658
stats: connected 5 5
# stats: dump at 1449570101
stats: users 9 11
stats: {freemem,"tsung_controller@ip-172-30-3-119"} 1 3172.7578125 0.0 3172.7578125 3172.234375 3172.234375 1
stats: {recvpackets,"tsung_controller@ip-172-30-3-119"} 1 82 0 82 82 0 0
stats: {sentpackets,"tsung_controller@ip-172-30-3-119"} 1 93 0 93 93 0 0
stats: {cpu,"tsung_controller@ip-172-30-3-119"} 1 2.357563850687623 0.0 26.42244193638653 2.357563850687623 26.42244193638653 1
stats: {load,"tsung_controller@ip-172-30-3-119"} 1 0.03125 0.0 0.0390625 0.03125 0.0390625 1
stats: session 10 4877.209130859375 3426.26307899633 11928.694091796875 795.090087890625 1458.67333984375 3
stats: users_count 14 22
stats: finish_users_count 10 13
stats: request 55 19.32853781960227 55.839689115548914 332.955810546875 0.49609375 16.402698863636363 11
stats: connect 14 0.7122105189732143 0.09811868132549335 112.171142578125 0.538818359375 14.6768798828125 8
stats: page 50 21.27560546875 58.42659840967458 332.955810546875 0.49609375 16.402698863636363 11
stats: error_unknown 5 6
stats: 302 16 16
stats: 200 39 50
stats: size_rcv 100177 126299
stats: size_sent 35510 37168
stats: connected 4 9
# stats: dump at 1449570111
stats: users 5 11
stats: {freemem,"tsung_controller@ip-172-30-3-119"} 1 3168.03125 0.0 3172.7578125 3168.03125 3172.49609375 2
stats: {recvpackets,"tsung_controller@ip-172-30-3-119"} 1 297.0 0.0 297 82 82.0 1
stats: {sentpackets,"tsung_controller@ip-172-30-3-119"} 1 373.0 0.0 373 93 93.0 1
stats: {cpu,"tsung_controller@ip-172-30-3-119"} 1 2.4679170779861797 0.0 26.42244193638653 2.357563850687623 14.390002893537076 2
stats: {load,"tsung_controller@ip-172-30-3-119"} 1 0.03125 0.0 0.0390625 0.03125 0.03515625 2
stats: session 11 5977.396839488636 4417.431908991528 15256.7880859375 108.14306640625 4088.3162560096152 13
stats: users_count 7 29
stats: finish_users_count 11 24
stats: request 50 14.6780029296875 22.77447925527381 332.955810546875 0.49609375 18.840897993607953 66
stats: connect 8 12.570953369140625 31.35673098328728 112.171142578125 0.538818359375 5.790272105823863 22
stats: page 47 15.62335854388298 23.326796473594975 332.955810546875 0.49609375 20.396884605532787 61
stats: error_unknown 5 11
stats: 302 21 37
stats: 200 29 79
stats: size_rcv 91400 217699
stats: size_sent 54355 91523
stats: connected -3 6
# stats: dump at 1449570121
stats: users 6 11
stats: {freemem,"tsung_controller@ip-172-30-3-119"} 1 3166.58984375 0.0 3172.7578125 3166.58984375 3171.0078125 3
stats: {recvpackets,"tsung_controller@ip-172-30-3-119"} 1 160.0 0.0 297 82 189.5 2
stats: {sentpackets,"tsung_controller@ip-172-30-3-119"} 1 176.0 0.0 373 93 233.0 2
stats: {cpu,"tsung_controller@ip-172-30-3-119"} 1 1.7733990147783252 0.0 26.42244193638653 1.7733990147783252 10.415974288353445 3
stats: {load,"tsung_controller@ip-172-30-3-119"} 1 0.01953125 0.0 0.0390625 0.01953125 0.033854166666666664 3
stats: session 7 5303.486607142857 3770.664135809821 15256.7880859375 108.14306640625 4954.144856770833 24
stats: users_count 8 37
stats: finish_users_count 7 31
stats: request 34 17.809943704044116 27.51700403229224 332.955810546875 0.49609375 17.046546672952587 116
stats: connect 9 5.100965711805555 12.367058165964242 112.171142578125 0.538818359375 7.598453776041667 30
stats: page 32 18.931503295898438 28.113672577397637 332.955810546875 0.49609375 18.31951678240741 108
stats: error_unknown 4 15
stats: 302 9 46
stats: 200 25 104
stats: size_rcv 86370 304069
stats: newphase 1 1
stats: size_sent 18593 110116
stats: connected 1 7
# stats: dump at 1449570131
stats: users 14 16
stats: {freemem,"tsung_controller@ip-172-30-3-119"} 1 3167.4921875 0.0 3172.7578125 3166.58984375 3169.9033203125 4
stats: {recvpackets,"tsung_controller@ip-172-30-3-119"} 1 214.0 0.0 297 82 179.66666666666666 3
stats: {sentpackets,"tsung_controller@ip-172-30-3-119"} 1 210.0 0.0 373 93 214.0 3
stats: {cpu,"tsung_controller@ip-172-30-3-119"} 1 1.7751479289940828 0.0 26.42244193638653 1.7733990147783252 8.255330469959665 4
stats: {load,"tsung_controller@ip-172-30-3-119"} 1 0.01953125 0.0 0.0390625 0.01953125 0.0302734375 4
stats: session 11 7090.868252840909 8652.205200741248 26878.053955078125 108.14306640625 5033.0284778225805 31
stats: users_count 19 56
stats: finish_users_count 11 42
stats: request 64 16.733127593994144 20.750834998003654 332.955810546875 0.49609375 17.219583333333333 150
stats: connect 21 5.0467471168154745 13.17164190978953 112.171142578125 0.538818359375 7.022110376602564 39
stats: page 60 17.8579345703125 21.184279957304078 332.955810546875 0.49609375 18.4593994140625 140
stats: error_unknown 6 21
stats: 302 11 57
stats: 200 53 157
stats: size_rcv 192634 496703
stats: newphase 0 1
stats: size_sent 40745 150861
stats: connected 7 14
# stats: dump at 1449570141
stats: users 13 18
stats: {freemem,"tsung_controller@ip-172-30-3-119"} 1 3165.09765625 0.0 3172.7578125 3165.09765625 3169.42109375 5
stats: {recvpackets,"tsung_controller@ip-172-30-3-119"} 1 308.0 0.0 308 82 188.25 4
stats: {sentpackets,"tsung_controller@ip-172-30-3-119"} 1 313.0 0.0 373 93 213.0 4
stats: {cpu,"tsung_controller@ip-172-30-3-119"} 1 2.65748031496063 0.0 26.42244193638653 1.7733990147783252 6.959293961766548 5
stats: {load,"tsung_controller@ip-172-30-3-119"} 1 0.01953125 0.0 0.0390625 0.01953125 0.028125 5
stats: session 22 5791.12812943892 6179.428796642255 26878.053955078125 108.14306640625 5571.986514136905 42
stats: users_count 21 77
stats: finish_users_count 22 64
stats: request 97 18.549620952802833 35.62712033251286 332.955810546875 0.48486328125 17.07410124306367 214
stats: connect 27 9.822229456018519 17.085287874042272 112.171142578125 0.538818359375 6.330733235677084 60
stats: page 95 18.942791426809205 35.954804286000616 332.955810546875 0.48486328125 18.2789599609375 200
stats: error_unknown 11 32
stats: 302 16 73
stats: 200 81 238
stats: size_rcv 299086 795789
stats: newphase 0 1
stats: size_sent 42037 192898
stats: connected -1 13
# stats: dump at 1449570151
stats: users 29 29
stats: {freemem,"tsung_controller@ip-172-30-3-119"} 1 3165.28515625 0.0 3172.7578125 3165.09765625 3168.7005208333335 6
stats: {recvpackets,"tsung_controller@ip-172-30-3-119"} 1 540.0 0.0 540 82 212.2 5
stats: {sentpackets,"tsung_controller@ip-172-30-3-119"} 1 551.0 0.0 551 93 233.0 5
stats: {cpu,"tsung_controller@ip-172-30-3-119"} 1 2.8656126482213438 0.0 26.42244193638653 1.7733990147783252 6.2423250206322285 6
stats: {load,"tsung_controller@ip-172-30-3-119"} 1 0.01171875 0.0 0.0390625 0.01171875 0.026692708333333332 6
stats: session 15 8073.629166666667 7729.2799911665 26878.053955078125 108.14306640625 5647.316444396973 64
stats: users_count 31 108
stats: finish_users_count 15 79
stats: request 120 19.97588907877605 44.609008688605705 391.677001953125 0.48486328125 17.534311570538584 311
stats: connect 29 0.7120066675646551 0.13389631746635064 112.171142578125 0.51904296875 7.414301028196839 87
stats: page 107 22.419415340245326 46.82409852581109 391.677001953125 0.48486328125 18.492736195709746 295
stats: error_unknown 8 40
stats: 302 46 119
stats: 200 74 312
stats: size_rcv 258390 1054179
stats: newphase 1 2
stats: size_sent 105663 298561
stats: connected 14 27
# stats: dump at 1449570161
stats: users 33 41
stats: {freemem,"tsung_controller@ip-172-30-3-119"} 1 3164.0078125 0.0 3172.7578125 3164.0078125 3168.2126116071427 7
stats: {recvpackets,"tsung_controller@ip-172-30-3-119"} 1 603.0 0.0 603 82 266.8333333333333 6
stats: {sentpackets,"tsung_controller@ip-172-30-3-119"} 1 611.0 0.0 611 93 286.0 6
stats: {cpu,"tsung_controller@ip-172-30-3-119"} 1 3.729146221786065 0.0 26.42244193638653 1.7733990147783252 5.759937538859245 7
stats: {load,"tsung_controller@ip-172-30-3-119"} 1 0.01171875 0.0 0.0390625 0.01171875 0.024553571428571428 7
stats: session 42 5577.14630998884 4818.107166040374 26878.053955078125 108.14306640625 6108.008733435522 79
stats: users_count 46 154
stats: finish_users_count 42 121
stats: request 244 29.35666343814037 164.3727015571161 2554.976806640625 0.469970703125 18.214101131996813 431
stats: connect 51 4.044313916973041 11.646358399144674 112.171142578125 0.51904296875 5.738727438038793 116
stats: page 226 31.70515914511892 170.6040857924868 2554.976806640625 0.469970703125 19.537897062538867 402
stats: error_unknown 20 60
stats: 302 83 202
stats: 200 161 473
stats: size_rcv 651739 1705918
stats: newphase 0 2
stats: size_sent 197675 496236
stats: connected 7 34
# stats: dump at 1449570171
stats: users 29 41
stats: {freemem,"tsung_controller@ip-172-30-3-119"} 1 3161.515625 0.0 3172.7578125 3161.515625 3167.68701171875 8
stats: {recvpackets,"tsung_controller@ip-172-30-3-119"} 1 1284.0 0.0 1284 82 314.85714285714283 7
stats: {sentpackets,"tsung_controller@ip-172-30-3-119"} 1 1259.0 0.0 1259 93 332.42857142857144 7
stats: {cpu,"tsung_controller@ip-172-30-3-119"} 1 6.299212598425196 0.0 26.42244193638653 1.7733990147783252 5.5060886242250975 8
stats: {load,"tsung_controller@ip-172-30-3-119"} 1 0.01171875 0.0 0.0390625 0.01171875 0.02294921875 8
stats: session 42 7326.667532784598 7848.834533969558 37372.030029296875 108.14306640625 5923.742437693699 121
stats: users_count 38 192
stats: finish_users_count 42 163
stats: request 193 21.052649621518793 34.08720382673982 2554.976806640625 0.469970703125 22.2419310619213 675
stats: connect 38 0.7145931846217105 0.20834710124313865 112.171142578125 0.513916015625 5.22127181184506 167
stats: page 182 22.332359900841357 34.79528358782802 2554.976806640625 0.469970703125 23.916561442575638 628
stats: error_unknown 22 82
stats: 302 66 268
stats: 200 127 600
stats: size_rcv 509865 2215783
stats: newphase 0 2
stats: size_sent 207902 704138
stats: connected -5 29
# stats: dump at 1449570181
stats: users 50 52
stats: {freemem,"tsung_controller@ip-172-30-3-119"} 1 3159.14453125 0.0 3172.7578125 3159.14453125 3167.0013020833335 9
stats: {recvpackets,"tsung_controller@ip-172-30-3-119"} 1 978.0 0.0 1284 82 436.0 8
stats: {sentpackets,"tsung_controller@ip-172-30-3-119"} 1 934.0 0.0 1259 93 448.25 8
stats: {cpu,"tsung_controller@ip-172-30-3-119"} 1 5.801376597836775 0.0 26.42244193638653 1.7733990147783252 5.5942135102473305 9
stats: {load,"tsung_controller@ip-172-30-3-119"} 1 0.01171875 0.0 0.0390625 0.01171875 0.021701388888888888 9
stats: session 64 4780.420486450197 5371.785061399584 37372.030029296875 108.14306640625 6285.232339496261 163
stats: users_count 85 277
stats: finish_users_count 64 227
stats: request 339 18.182584059273594 22.877157366125505 2554.976806640625 0.469970703125 21.97749405961982 868
stats: connect 93 5.041653540826612 12.22289644652938 112.171142578125 0.513916015625 4.385887480945122 205
stats: page 319 19.330815904192814 23.301926720020383 2554.976806640625 0.469970703125 23.560605046778548 810
stats: error_unknown 41 123
stats: 302 74 342
stats: 200 265 865
stats: size_rcv 1152718 3368501
stats: newphase 1 3
stats: size_sent 167090 871228
stats: connected 19 48
# stats: dump at 1449570191
stats: users 48 56
stats: {freemem,"tsung_controller@ip-172-30-3-119"} 1 3157.09765625 0.0 3172.7578125 3157.09765625 3166.215625 10
stats: {recvpackets,"tsung_controller@ip-172-30-3-119"} 1 2213.0 0.0 2213 82 496.22222222222223 9
stats: {sentpackets,"tsung_controller@ip-172-30-3-119"} 1 2120.0 0.0 2120 93 502.22222222222223 9
stats: {cpu,"tsung_controller@ip-172-30-3-119"} 1 10.263929618768328 0.0 26.42244193638653 1.7733990147783252 5.614929819006275 10
stats: {load,"tsung_controller@ip-172-30-3-119"} 1 0.171875 0.0 0.171875 0.01171875 0.020703125 10
stats: session 83 5908.500014707264 6622.278754909133 40731.31396484375 96.16796875 5860.9682047167535 227
stats: users_count 81 358
stats: finish_users_count 83 310
stats: request 420 25.123168364025297 45.273588998972805 2554.976806640625 0.469970703125 20.911649411635253 1207
stats: connect 96 6.58745829264323 15.111231048584074 112.171142578125 0.513916015625 4.590539305002097 298
stats: page 393 26.859989389511753 46.417035156175366 2554.976806640625 0.469970703125 22.36547419072465 1129
stats: error_unknown 38 161
stats: 302 133 475
stats: 200 288 1153
stats: size_rcv 1392199 4760700
stats: newphase 0 3
stats: size_sent 368190 1239418
stats: connected 1 49
# stats: dump at 1449570201
stats: users 39 56
stats: {freemem,"tsung_controller@ip-172-30-3-119"} 1 3156.60546875 0.0 3172.7578125 3156.60546875 3165.38671875 11
stats: {recvpackets,"tsung_controller@ip-172-30-3-119"} 1 2429.0 0.0 2429 82 667.9 10
stats: {sentpackets,"tsung_controller@ip-172-30-3-119"} 1 2558.0 0.0 2558 93 664.0 10
stats: {cpu,"tsung_controller@ip-172-30-3-119"} 1 10.44334975369458 0.0 26.42244193638653 1.7733990147783252 6.037566164439189 11
stats: {load,"tsung_controller@ip-172-30-3-119"} 1 0.140625 0.0 0.171875 0.01171875 0.03444602272727273 11
stats: session 83 6290.002509059677 5915.199309514492 40731.31396484375 53.8720703125 5873.694463520665 310
stats: users_count 74 432
stats: finish_users_count 83 393
stats: request 387 27.8564453125 42.634141356389186 2554.976806640625 0.469970703125 21.998827014587814 1627
stats: connect 87 6.700024133441091 14.336526662963458 112.171142578125 0.513916015625 5.077098246153236 394
stats: page 364 29.62688471196772 43.4681749882565 2554.976806640625 0.469970703125 23.526015894485052 1522
stats: error_unknown 43 204
stats: 302 106 581
stats: 200 280 1433
stats: size_rcv 1506792 6267492
stats: newphase 0 3
stats: size_sent 327244 1566662
stats: connected -9 40
# stats: dump at 1449570211
stats: users 89 102
stats: {freemem,"tsung_controller@ip-172-30-3-119"} 1 3157.47265625 0.0 3172.7578125 3156.60546875 3164.6549479166665 12
stats: {recvpackets,"tsung_controller@ip-172-30-3-119"} 1 2147.0 0.0 2429 82 828.0 11
stats: {sentpackets,"tsung_controller@ip-172-30-3-119"} 1 2062.0 0.0 2558 93 836.1818181818181 11
stats: {cpu,"tsung_controller@ip-172-30-3-119"} 1 10.15625 0.0 26.42244193638653 1.7733990147783252 6.404714796877138 12
stats: {load,"tsung_controller@ip-172-30-3-119"} 1 0.12109375 0.0 0.171875 0.01171875 0.043294270833333336 12
stats: session 96 5049.334803263347 5276.320180744042 40731.31396484375 38.08203125 5961.617027845698 393
stats: users_count 146 578
stats: finish_users_count 96 489
stats: request 545 32.6854554902523 54.01826883782806 2554.976806640625 0.469970703125 23.124397164186632 2014
stats: connect 153 3.354675691891339 10.064945026154213 112.171142578125 0.513916015625 5.37064201370842 481
stats: page 512 34.804202556610136 55.30766286036123 2554.976806640625 0.469970703125 24.703490045897404 1886
stats: error_unknown 57 261
stats: 302 141 722
stats: 200 404 1837
stats: size_rcv 2510932 8778424
stats: newphase 1 4
stats: size_sent 358383 1925045
stats: connected 55 95
# stats: dump at 1449570221
stats: users 118 124
stats: {freemem,"tsung_controller@ip-172-30-3-119"} 1 3138.79296875 0.0 3172.7578125 3138.79296875 3164.1024639423076 13
stats: {recvpackets,"tsung_controller@ip-172-30-3-119"} 1 4483.0 0.0 4483 82 937.9166666666666 12
stats: {sentpackets,"tsung_controller@ip-172-30-3-119"} 1 3911.0 0.0 3911 93 938.3333333333334 12
stats: {cpu,"tsung_controller@ip-172-30-3-119"} 1 23.177570093457945 0.0 26.42244193638653 1.7733990147783252 6.693294427886589 13
stats: {load,"tsung_controller@ip-172-30-3-119"} 1 0.1015625 0.0 0.171875 0.01171875 0.04927884615384615 13
stats: session 156 5582.634879870292 5644.784675028614 40731.31396484375 38.08203125 5782.518677007445 489
stats: users_count 185 763
stats: finish_users_count 156 645
stats: request 883 35.7375795185094 63.2898496496043 2554.976806640625 0.469970703125 25.160652259030627 2559
stats: connect 217 7.493026803715438 15.603072827799405 112.171142578125 0.513916015625 4.884139100083793 634
stats: page 826 38.23077318685684 64.89164678332571 2554.976806640625 0.469970703125 26.860105894723475 2398
stats: error_unknown 83 344
stats: 302 249 971
stats: 200 635 2472
stats: size_rcv 4245855 13024279
stats: newphase 0 4
stats: size_sent 628848 2553893
stats: connected 23 118
# stats: dump at 1449570231
stats: users 107 124
stats: {freemem,"tsung_controller@ip-172-30-3-119"} 1 3140.27734375 0.0 3172.7578125 3138.79296875 3162.2946428571427 14
stats: {recvpackets,"tsung_controller@ip-172-30-3-119"} 1 6127.0 0.0 6127 82 1210.6153846153845 13
stats: {sentpackets,"tsung_controller@ip-172-30-3-119"} 1 5325.0 0.0 5325 93 1167.0 13
stats: {cpu,"tsung_controller@ip-172-30-3-119"} 1 24.81203007518797 0.0 26.42244193638653 1.7733990147783252 7.870742689713114 14
stats: {load,"tsung_controller@ip-172-30-3-119"} 1 0.08984375 0.0 0.171875 0.01171875 0.053013392857142856 14
stats: session 169 6189.271855642103 5908.500571925506 40731.31396484375 38.08203125 5734.174688862646 645
stats: users_count 158 921
stats: finish_users_count 169 814
stats: request 851 47.51705513045318 81.45051581444932 2554.976806640625 0.469970703125 27.874024359588375 3442
stats: connect 183 7.2232539275956285 15.056073609249413 112.171142578125 0.513916015625 5.549390136144977 851
stats: page 799 50.624752498239985 83.88540355122193 2554.976806640625 0.469970703125 29.773310356045485 3224
stats: error_unknown 77 421
stats: 302 283 1254
stats: 200 567 3039
stats: size_rcv 4291581 17315860
stats: newphase 0 4
stats: size_sent 765180 3319073
stats: connected -11 107
# stats: dump at 1449570241
stats: users 162 163
stats: {freemem,"tsung_controller@ip-172-30-3-119"} 1 3139.2734375 0.0 3172.7578125 3138.79296875 3160.8268229166665 15
stats: {recvpackets,"tsung_controller@ip-172-30-3-119"} 1 5429.0 0.0 6127 82 1561.7857142857142 14
stats: {sentpackets,"tsung_controller@ip-172-30-3-119"} 1 4287.0 0.0 5325 93 1464.0 14
stats: {cpu,"tsung_controller@ip-172-30-3-119"} 1 25.918944392082942 0.0 26.42244193638653 1.7733990147783252 9.00016184874477 15
stats: {load,"tsung_controller@ip-172-30-3-119"} 1 0.1484375 0.0 0.171875 0.01171875 0.05546875 15
stats: session 161 6235.22062730493 6533.001789605328 40731.31396484375 38.08203125 5828.660464275088 814
stats: users_count 216 1137
stats: finish_users_count 161 975
stats: request 833 145.05732556694545 171.12628204894202 2554.976806640625 0.469970703125 31.767855989219388 4293
stats: connect 229 4.606723568845523 11.310530412682011 112.171142578125 0.513916015625 5.845634888403651 1034
stats: page 784 152.3010098204322 183.24481766094 2554.976806640625 0.469970703125 33.91457365995137 4023
stats: error_unknown 97 518
stats: 302 224 1478
stats: 200 609 3648
stats: size_rcv 5423478 22739338
stats: newphase 1 5
stats: size_sent 684063 4003136
stats: connected 54 161
# stats: dump at 1449570251
stats: users 240 241
stats: {freemem,"tsung_controller@ip-172-30-3-119"} 1 3117.86328125 0.0 3172.7578125 3117.86328125 3159.479736328125 16
stats: {recvpackets,"tsung_controller@ip-172-30-3-119"} 1 8647.0 0.0 8647 82 1819.6 15
stats: {sentpackets,"tsung_controller@ip-172-30-3-119"} 1 6355.0 0.0 6355 93 1652.2 15
stats: {cpu,"tsung_controller@ip-172-30-3-119"} 1 39.65065502183406 0.0 39.65065502183406 1.7733990147783252 10.057585757703407 16
stats: {load,"tsung_controller@ip-172-30-3-119"} 1 0.19921875 0.0 0.19921875 0.01171875 0.061279296875 16
stats: session 218 6478.320478246846 5566.939526034204 40731.31396484375 38.08203125 5895.795014272837 975
stats: users_count 296 1433
stats: finish_users_count 218 1193
stats: request 1069 505.6241321474511 509.3112343682087 2554.976806640625 0.465087890625 50.17794731934928 5126
stats: connect 317 8.744006617212142 18.061813353935097 112.171142578125 0.510009765625 5.621002511381631 1263
stats: page 1005 533.5317747201497 558.8234517463954 2554.976806640625 0.465087890625 53.2228669717502 4807
stats: error_unknown 117 635
stats: 302 249 1727
stats: 200 778 4426
stats: size_rcv 7184919 29924257
stats: newphase 0 5
stats: size_sent 699489 4702625
stats: connected 66 227
stats: 400 12 12
stats: 503 33 33
# stats: dump at 1449570261
stats: users 252 262
stats: {freemem,"tsung_controller@ip-172-30-3-119"} 1 3090.94140625 0.0 3172.7578125 3090.94140625 3157.0317095588234 17
stats: {recvpackets,"tsung_controller@ip-172-30-3-119"} 1 9681.0 0.0 9681 82 2246.3125 16
stats: {sentpackets,"tsung_controller@ip-172-30-3-119"} 1 6329.0 0.0 6355 93 1946.125 16
stats: {cpu,"tsung_controller@ip-172-30-3-119"} 1 44.38687392055268 0.0 44.38687392055268 1.7733990147783252 11.798354537946388 17
stats: {load,"tsung_controller@ip-172-30-3-119"} 1 0.3203125 0.0 0.3203125 0.01171875 0.06939338235294118 17
stats: session 287 7364.944389529346 5583.585241255829 40731.31396484375 38.08203125 6002.241410874961 1193
stats: users_count 299 1732
stats: finish_users_count 287 1480
stats: request 1220 847.5169629706705 806.4847529368892 2661.89501953125 0.4521484375 128.76906460445676 6195
stats: connect 401 6.229662659756856 15.21274367324346 112.171142578125 0.510009765625 6.247579917424842 1580
stats: page 1134 903.1563285814185 908.8999131693432 3392.238037109375 0.452880859375 136.2769709440732 5812
stats: error_unknown 212 847
stats: 302 200 1927
stats: 200 658 5084
stats: size_rcv 8220734 38144991
stats: newphase 0 5
stats: size_sent 734418 5437043
stats: connected 10 237
stats: 400 103 115
stats: 503 256 289
# stats: dump at 1449570271
stats: users 350 358
stats: {freemem,"tsung_controller@ip-172-30-3-119"} 1 3103.4140625 0.0 3172.7578125 3090.94140625 3153.3600260416665 18
stats: {recvpackets,"tsung_controller@ip-172-30-3-119"} 1 10650.0 0.0 10650 82 2683.6470588235293 17
stats: {sentpackets,"tsung_controller@ip-172-30-3-119"} 1 7523.0 0.0 7523 93 2203.9411764705883 17
stats: {cpu,"tsung_controller@ip-172-30-3-119"} 1 43.451864700780575 0.0 44.38687392055268 1.7733990147783252 13.60882783698007 18
stats: {load,"tsung_controller@ip-172-30-3-119"} 1 0.3515625 0.0 0.3515625 0.01171875 0.08333333333333333 18
stats: session 416 6707.055918180025 6505.606008755484 40731.31396484375 36.848876953125 6266.495299303209 1480
stats: users_count 514 2246
stats: finish_users_count 416 1896
stats: request 1599 617.4374309871398 716.4584917696247 2661.89501953125 0.4521484375 247.02563048534427 7415
stats: connect 651 5.785563526065669 13.3665005421416 112.171142578125 0.490966796875 6.243953052041267 1981
stats: page 1488 666.4727200743969 814.2838747906915 3699.348876953125 0.452880859375 261.47725766459575 6946
stats: error_unknown 294 1141
stats: 302 215 2142
stats: 200 706 5790
stats: size_rcv 8172672 46317663
stats: newphase 1 6
stats: size_sent 943937 6380980
stats: connected 94 331
stats: 400 154 269
stats: 503 525 814
# stats: dump at 1449570281
stats: users 350 378
stats: {freemem,"tsung_controller@ip-172-30-3-119"} 1 3097.078125 0.0 3172.7578125 3090.94140625 3150.7312911184213 19
stats: {recvpackets,"tsung_controller@ip-172-30-3-119"} 1 12127.0 0.0 12127 82 3126.222222222222 18
stats: {sentpackets,"tsung_controller@ip-172-30-3-119"} 1 8894.0 0.0 8894 93 2499.4444444444443 18
stats: {cpu,"tsung_controller@ip-172-30-3-119"} 1 50.627615062761514 0.0 50.627615062761514 1.7733990147783252 15.179513987706413 19
stats: {load,"tsung_controller@ip-172-30-3-119"} 1 0.37109375 0.0 0.37109375 0.01171875 0.09745065789473684 19
stats: session 567 5816.656220720347 5943.978851564723 40731.31396484375 30.116943359375 6363.158388677026 1896
stats: users_count 567 2813
stats: finish_users_count 567 2463
stats: request 1820 561.8397629957934 989.2103110726513 3666.982177734375 0.4521484375 312.73324852421393 9014
stats: connect 812 3.0014588304341134 5.970951028289022 112.171142578125 0.490966796875 6.130574791627089 2632
stats: page 1613 619.294277089468 1124.1713960937707 5200.201904296875 0.452880859375 332.93009713172694 8434
stats: error_unknown 505 1646
stats: 302 149 2291
stats: 200 405 6195
stats: size_rcv 7781410 54099073
stats: newphase 0 6
stats: size_sent 973933 7354913
stats: connected -6 325
stats: 400 368 637
stats: 503 898 1712
# stats: dump at 1449570291
stats: users 345 378
stats: {freemem,"tsung_controller@ip-172-30-3-119"} 1 3087.73828125 0.0 3172.7578125 3087.73828125 3148.0486328125003 20
stats: {recvpackets,"tsung_controller@ip-172-30-3-119"} 1 11263.0 0.0 12127 82 3599.9473684210525 19
stats: {sentpackets,"tsung_controller@ip-172-30-3-119"} 1 8462.0 0.0 8894 93 2836.0 19
stats: {cpu,"tsung_controller@ip-172-30-3-119"} 1 51.99004975124378 0.0 51.99004975124378 1.7733990147783252 16.951919041459167 20
stats: {load,"tsung_controller@ip-172-30-3-119"} 1 0.46875 0.0 0.46875 0.01171875 0.1111328125 20
stats: session 543 6473.447895534793 6271.314342655362 44495.74609375 25.740966796875 6237.349728818545 2463
stats: users_count 538 3351
stats: finish_users_count 543 3006
stats: request 1731 632.2495252586106 1000.9571194771789 3666.982177734375 0.447021484375 354.5805677357955 10834
stats: connect 766 3.4514807160778402 6.041370147256026 112.171142578125 0.490966796875 5.392815743866144 3444
stats: page 1549 713.7782123484405 1194.2818808843917 5200.201904296875 0.447021484375 378.904559386314 10047
stats: error_unknown 488 2134
stats: 302 151 2442
stats: 200 488 6683
stats: size_rcv 7805185 61904258
stats: newphase 0 6
stats: size_sent 924822 8279735
stats: connected 0 325
stats: 400 302 939
stats: 503 793 2505
# stats: dump at 1449570301
stats: users 171 378
stats: {freemem,"tsung_controller@ip-172-30-3-119"} 1 3083.29296875 0.0 3172.7578125 3083.29296875 3145.176711309524 21
stats: {recvpackets,"tsung_controller@ip-172-30-3-119"} 1 11079.0 0.0 12127 82 3983.1 20
stats: {sentpackets,"tsung_controller@ip-172-30-3-119"} 1 7861.0 0.0 8894 93 3117.3 20
stats: {cpu,"tsung_controller@ip-172-30-3-119"} 1 51.9134775374376 0.0 51.99004975124378 1.7733990147783252 18.620401456210814 21
stats: {load,"tsung_controller@ip-172-30-3-119"} 1 0.55078125 0.0 0.55078125 0.01171875 0.12816220238095238 21
stats: session 328 7633.04182694598 7142.236908296318 46576.152099609375 25.740966796875 6279.998200051719 3006
stats: users_count 154 3505
stats: finish_users_count 328 3334
stats: request 974 987.0148183834382 1459.5783860872414 4599.0 0.446044921875 392.8332510204746 12565
stats: connect 319 5.191596817447102 11.508389643196223 112.171142578125 0.490966796875 5.039594216244804 4210
stats: page 862 1051.9590684930572 1646.4253441258813 7218.823974609375 0.447021484375 423.63716446033385 11596
stats: error_unknown 280 2414
stats: 302 120 2562
stats: 200 261 6944
stats: size_rcv 7888738 69792996
stats: newphase 0 6
stats: size_sent 663691 8943426
stats: connected -157 168
stats: 400 184 1123
stats: 503 405 2910
# stats: dump at 1449570311
stats: users 33 378
stats: {freemem,"tsung_controller@ip-172-30-3-119"} 1 3107.65234375 0.0 3172.7578125 3083.29296875 3142.3638139204545 22
stats: {recvpackets,"tsung_controller@ip-172-30-3-119"} 1 7408.0 0.0 12127 82 4321.0 21
stats: {sentpackets,"tsung_controller@ip-172-30-3-119"} 1 4398.0 0.0 8894 93 3343.190476190476 21
stats: {cpu,"tsung_controller@ip-172-30-3-119"} 1 35.96802841918294 0.0 51.99004975124378 1.7733990147783252 20.133723096266575 22
stats: {load,"tsung_controller@ip-172-30-3-119"} 1 0.55078125 0.0 0.55078125 0.01171875 0.1473721590909091 22
stats: session 138 18445.97656603827 7183.597883017086 46576.152099609375 25.740966796875 6413.1110703640525 3334
stats: users_count 0 3505
stats: finish_users_count 138 3472
stats: request 625 612.9223628906249 1114.940717402276 4719.780029296875 0.446044921875 435.5788634446955 13539
stats: connect 38 47.40303119860197 33.21388918864369 112.171142578125 0.490966796875 5.05030051560085 4529
stats: page 588 785.7481020972838 1589.6727829796137 7315.014892578125 0.447021484375 467.11231948330766 12458
stats: error_unknown 15 2429
stats: 302 362 2924
stats: 200 263 7207
stats: size_rcv 2629812 72422808
stats: newphase 0 6
stats: size_sent 927504 9870930
stats: connected -135 33
stats: 400 0 1123
stats: 503 0 2910
# stats: dump at 1449570321
stats: users 1 378
stats: {freemem,"tsung_controller@ip-172-30-3-119"} 1 3118.10546875 0.0 3172.7578125 3083.29296875 3140.8546195652175 23
stats: {recvpackets,"tsung_controller@ip-172-30-3-119"} 1 842.0 0.0 12127 82 4461.318181818182 22
stats: {sentpackets,"tsung_controller@ip-172-30-3-119"} 1 1029.0 0.0 8894 93 3391.1363636363635 22
stats: {cpu,"tsung_controller@ip-172-30-3-119"} 1 2.6785714285714284 0.0 51.99004975124378 1.7733990147783252 20.822171153784677 23
stats: {load,"tsung_controller@ip-172-30-3-119"} 1 0.4609375 0.0 0.55078125 0.01171875 0.1649116847826087 23
stats: session 32 27088.012451171875 4760.232028900982 46576.152099609375 25.740966796875 6891.375885572302 3472
stats: users_count 0 3505
stats: finish_users_count 32 3504
stats: request 68 69.35694077435662 139.01378093006696 4719.780029296875 0.446044921875 443.4043143874875 14164
stats: connect 0 0 0 112.171142578125 0.490966796875 5.402698975411238 4567
stats: page 66 71.46225807883523 140.58315177671847 7315.014892578125 0.447021484375 481.4736440407979 13046
stats: error_unknown 0 2429
stats: 302 64 2988
stats: 200 4 7211
stats: size_rcv 14976 72437784
stats: newphase 0 6
stats: size_sent 299097 10170027
stats: connected -32 1
stats: 400 0 1123
stats: 503 0 2910
# stats: dump at 1449570331
stats: users 1 378
stats: {freemem,"tsung_controller@ip-172-30-3-119"} 1 3118.75390625 0.0 3172.7578125 3083.29296875 3139.90673828125 24
stats: {recvpackets,"tsung_controller@ip-172-30-3-119"} 1 133.0 0.0 12127 82 4303.95652173913 23
stats: {sentpackets,"tsung_controller@ip-172-30-3-119"} 1 272.0 0.0 8894 93 3288.4347826086955 23
stats: {cpu,"tsung_controller@ip-172-30-3-119"} 1 1.673228346456693 0.0 51.99004975124378 1.673228346456693 20.06618783190079 24
stats: {load,"tsung_controller@ip-172-30-3-119"} 1 0.390625 0.0 0.55078125 0.01171875 0.17724609375 24
stats: session 0 0 0 46576.152099609375 25.740966796875 7075.820055121156 3504
stats: users_count 0 3505
stats: finish_users_count 0 3504
stats: request 3 8.730305989583334 0.5391932649846762 4719.780029296875 0.446044921875 441.6171290723039 14232
stats: connect 0 0 0 112.171142578125 0.490966796875 5.402698975411238 4567
stats: page 3 8.730305989583334 0.5391932649846762 7315.014892578125 0.447021484375 479.4098283396471 13112
stats: error_unknown 0 2429
stats: 302 3 2991
stats: 200 0 7211
stats: size_rcv 318 72438102
stats: newphase 0 6
stats: size_sent 2681 10172708
stats: connected 0 1
stats: 400 0 1123
stats: 503 0 2910
# stats: dump at 1449570339
stats: users 0 378
stats: {freemem,"tsung_controller@ip-172-30-3-119"} 1 3118.671875 0.0 3172.7578125 3083.29296875 3139.060625 25
stats: {recvpackets,"tsung_controller@ip-172-30-3-119"} 1 159.0 0.0 12127 82 4130.166666666666 24
stats: {sentpackets,"tsung_controller@ip-172-30-3-119"} 1 426.0 0.0 8894 93 3162.75 24
stats: {cpu,"tsung_controller@ip-172-30-3-119"} 1 1.6765285996055226 0.0 51.99004975124378 1.673228346456693 19.33046945248303 25
stats: {load,"tsung_controller@ip-172-30-3-119"} 1 0.328125 0.0 0.55078125 0.01171875 0.18578125 25
stats: session 1 46765.35400390625 0.0 46765.35400390625 25.740966796875 7075.820055121156 3504
stats: users_count 0 3505
stats: finish_users_count 1 3505
stats: request 1 84.282958984375 0.0 4719.780029296875 0.446044921875 441.5258989726026 14235
stats: connect 0 0 0 112.171142578125 0.490966796875 5.402698975411238 4567
stats: page 1 84.282958984375 0.0 7315.014892578125 0.447021484375 479.3021624176456 13115
stats: error_unknown 0 2429
stats: 302 1 2992
stats: 200 0 7211
stats: size_rcv 106 72438208
stats: newphase 0 6
stats: size_sent 8430 10181138
stats: connected -1 0
stats: 400 0 1123
stats: 503 0 2910
EndMonitor:{1449,570339,920623}
