# stats: dump at 1447909331
stats: users 5 7
stats: {load,"tsung_controller@ip-172-30-3-235"} 1 0.0 0 0.0 0.0 0 0
stats: {freemem,"tsung_controller@ip-172-30-3-235"} 1 3171.3671875 0 3171.3671875 3171.3671875 0 0
stats: {cpu,"tsung_controller@ip-172-30-3-235"} 1 4.48338486288113 0 4.48338486288113 4.48338486288113 0 0
stats: session 7 3190.2886090959823 2644.471498401698 8283.06591796875 940.595947265625 0 0
stats: users_count 12 12
stats: finish_users_count 7 7
stats: request 32 14.840927124023438 25.19008209038514 123.541015625 0.531005859375 0 0
stats: connect 12 17.373128255208332 36.63045239879127 114.2099609375 0.77490234375 0 0
stats: page 30 15.841658528645835 26.298033791302917 123.541015625 0.531005859375 0 0
stats: error_unknown 4 4
stats: 302 5 5
stats: 200 27 27
stats: size_rcv 66041 66041
stats: size_sent 8613 8613
stats: connected 6 6
# stats: dump at 1447909341
stats: users 3 7
stats: {load,"tsung_controller@ip-172-30-3-235"} 1 0.078125 0.0 0.078125 0.0 0.0 1
stats: {freemem,"tsung_controller@ip-172-30-3-235"} 1 3168.13671875 0.0 3171.3671875 3168.13671875 3171.3671875 1
stats: {recvpackets,"tsung_controller@ip-172-30-3-235"} 1 152 0 152 152 0 0
stats: {sentpackets,"tsung_controller@ip-172-30-3-235"} 1 171 0 171 171 0 0
stats: {cpu,"tsung_controller@ip-172-30-3-235"} 1 3.1914893617021276 0.0 4.48338486288113 3.1914893617021276 4.48338486288113 1
stats: session 5 6720.948193359375 3021.560695263993 10905.435791015625 940.595947265625 3190.2886090959823 7
stats: users_count 3 15
stats: finish_users_count 5 12
stats: request 19 27.662559107730264 49.518666153509486 200.661865234375 0.507080078125 14.840927124023438 32
stats: connect 4 26.7349853515625 40.7832003249489 114.2099609375 0.739013671875 17.373128255208332 12
stats: page 18 29.207194010416668 50.53604422226 200.661865234375 0.507080078125 15.841658528645835 30
stats: error_unknown 2 6
stats: 302 6 11
stats: 200 13 40
stats: size_rcv 37934 103975
stats: size_sent 22468 31081
stats: connected -3 3
# stats: dump at 1447909351
stats: users 5 8
stats: {load,"tsung_controller@ip-172-30-3-235"} 1 0.05859375 0.0 0.078125 0.0 0.0390625 2
stats: {freemem,"tsung_controller@ip-172-30-3-235"} 1 3166.91796875 0.0 3171.3671875 3166.91796875 3169.751953125 2
stats: {recvpackets,"tsung_controller@ip-172-30-3-235"} 1 348.0 0.0 348 152 152.0 1
stats: {sentpackets,"tsung_controller@ip-172-30-3-235"} 1 804.0 0.0 804 171 171.0 1
stats: {cpu,"tsung_controller@ip-172-30-3-235"} 1 2.05078125 0.0 4.48338486288113 2.05078125 3.837437112291629 2
stats: session 6 5776.890462239583 4592.707961807459 15392.556884765625 940.595947265625 4661.3967692057295 12
stats: users_count 8 23
stats: finish_users_count 6 18
stats: request 36 14.698689778645836 20.41836527246846 200.661865234375 0.5009765625 19.61761354932598 51
stats: connect 9 5.400417751736111 10.601804021306044 114.2099609375 0.701171875 19.713592529296875 16
stats: page 34 15.571676815257353 20.903929739455762 200.661865234375 0.5009765625 20.853734334309895 48
stats: error_unknown 3 9
stats: 302 13 24
stats: 200 23 63
stats: size_rcv 70746 174721
stats: size_sent 30247 61328
stats: connected 2 5
# stats: dump at 1447909361
stats: users 16 16
stats: {load,"tsung_controller@ip-172-30-3-235"} 1 0.05078125 0.0 0.078125 0.0 0.045572916666666664 3
stats: {freemem,"tsung_controller@ip-172-30-3-235"} 1 3165.15625 0.0 3171.3671875 3165.15625 3168.8072916666665 3
stats: {recvpackets,"tsung_controller@ip-172-30-3-235"} 1 501.0 0.0 501 152 250.0 2
stats: {sentpackets,"tsung_controller@ip-172-30-3-235"} 1 1186.0 0.0 1186 171 487.5 2
stats: {cpu,"tsung_controller@ip-172-30-3-235"} 1 2.7938342967244703 0.0 4.48338486288113 2.05078125 3.2418851581944192 3
stats: session 11 3117.163485440341 3252.724019206123 15392.556884765625 110.77685546875 5033.228000217014 18
stats: users_count 22 45
stats: finish_users_count 11 29
stats: request 69 15.626496688179344 20.196411828720844 200.661865234375 0.469970703125 17.58219681663075 87
stats: connect 23 4.236168902853261 10.363669970509642 114.2099609375 0.5849609375 14.560849609375 25
stats: page 63 17.12761966765873 20.917510239415787 200.661865234375 0.469970703125 18.663612923971037 82
stats: error_unknown 6 15
stats: 302 13 37
stats: 200 56 119
stats: size_rcv 190709 365430
stats: newphase 1 1
stats: size_sent 35436 96764
stats: connected 10 15
# stats: dump at 1447909371
stats: users 9 16
stats: {load,"tsung_controller@ip-172-30-3-235"} 1 0.05078125 0.0 0.078125 0.0 0.046875 4
stats: {freemem,"tsung_controller@ip-172-30-3-235"} 1 3164.046875 0.0 3171.3671875 3164.046875 3167.89453125 4
stats: {recvpackets,"tsung_controller@ip-172-30-3-235"} 1 514.0 0.0 514 152 333.6666666666667 3
stats: {sentpackets,"tsung_controller@ip-172-30-3-235"} 1 659.0 0.0 1186 171 720.3333333333334 3
stats: {cpu,"tsung_controller@ip-172-30-3-235"} 1 2.7158098933074686 0.0 4.48338486288113 2.05078125 3.129872442826932 4
stats: session 19 7677.02828176398 5335.916456997892 18808.72900390625 110.77685546875 4306.444908405172 29
stats: users_count 12 57
stats: finish_users_count 19 48
stats: request 124 17.800991919732862 28.033938350668947 200.661865234375 0.469970703125 16.71717560596955 156
stats: connect 16 9.667770385742188 18.553960616122485 114.2099609375 0.555908203125 9.613606770833334 48
stats: page 112 19.722617013113837 29.179243319342145 200.661865234375 0.469970703125 17.99625033674569 145
stats: error_unknown 4 19
stats: 302 58 95
stats: 200 66 185
stats: size_rcv 218231 583661
stats: newphase 0 1
stats: size_sent 122723 219487
stats: connected -5 10
# stats: dump at 1447909381
stats: users 10 16
stats: {load,"tsung_controller@ip-172-30-3-235"} 1 0.0390625 0.0 0.078125 0.0 0.04765625 5
stats: {freemem,"tsung_controller@ip-172-30-3-235"} 1 3163.13671875 0.0 3171.3671875 3163.13671875 3167.125 5
stats: {recvpackets,"tsung_controller@ip-172-30-3-235"} 1 377.0 0.0 514 152 378.75 4
stats: {sentpackets,"tsung_controller@ip-172-30-3-235"} 1 422.0 0.0 1186 171 705.0 4
stats: {cpu,"tsung_controller@ip-172-30-3-235"} 1 2.1760633036597428 0.0 4.48338486288113 2.05078125 3.0470599329230397 5
stats: session 20 6173.140124511719 4496.741044282096 18808.72900390625 110.77685546875 5640.6341603597 48
stats: users_count 21 78
stats: finish_users_count 20 68
stats: request 105 25.849088541666667 35.22595118117089 202.544921875 0.469970703125 17.197151402064733 280
stats: connect 28 10.804478236607142 17.502290679513628 114.2099609375 0.5458984375 9.627147674560547 64
stats: page 99 27.424202967171716 35.88387101232543 202.544921875 0.469970703125 18.74859690387889 257
stats: error_unknown 4 23
stats: 302 33 128
stats: 200 72 257
stats: size_rcv 289692 873353
stats: newphase 0 1
stats: size_sent 108678 328165
stats: connected 0 10
# stats: dump at 1447909391
stats: users 20 23
stats: {load,"tsung_controller@ip-172-30-3-235"} 1 0.03125 0.0 0.078125 0.0 0.046223958333333336 6
stats: {freemem,"tsung_controller@ip-172-30-3-235"} 1 3163.1015625 0.0 3171.3671875 3163.1015625 3166.4602864583335 6
stats: {recvpackets,"tsung_controller@ip-172-30-3-235"} 1 641.0 0.0 641 152 378.4 5
stats: {sentpackets,"tsung_controller@ip-172-30-3-235"} 1 706.0 0.0 1186 171 648.4 5
stats: {cpu,"tsung_controller@ip-172-30-3-235"} 1 2.8515240904621435 0.0 4.48338486288113 2.05078125 2.9018938280458233 6
stats: session 20 4272.541870117187 3513.198314377542 18808.72900390625 110.77685546875 5797.253561580882 68
stats: users_count 30 108
stats: finish_users_count 20 88
stats: request 115 24.792518682065214 30.933747825068004 202.544921875 0.469970703125 19.55677062195617 385
stats: connect 36 9.7437744140625 17.003200825963823 114.2099609375 0.535888671875 9.985465671705162 92
stats: page 109 26.16513537485665 31.342805870573773 202.544921875 0.469970703125 21.161195219232795 356
stats: error_unknown 4 27
stats: 302 30 158
stats: 200 85 342
stats: size_rcv 362809 1236162
stats: newphase 1 2
stats: size_sent 77856 406021
stats: connected 10 20
# stats: dump at 1447909401
stats: users 22 33
stats: {load,"tsung_controller@ip-172-30-3-235"} 1 0.03125 0.0 0.078125 0.0 0.04408482142857143 7
stats: {freemem,"tsung_controller@ip-172-30-3-235"} 1 3162.71875 0.0 3171.3671875 3162.71875 3165.98046875 7
stats: {recvpackets,"tsung_controller@ip-172-30-3-235"} 1 757.0 0.0 757 152 422.1666666666667 6
stats: {sentpackets,"tsung_controller@ip-172-30-3-235"} 1 743.0 0.0 1186 171 658.0 6
stats: {cpu,"tsung_controller@ip-172-30-3-235"} 1 3.066271018793274 0.0 4.48338486288113 2.05078125 2.8946981512481544 7
stats: session 49 4633.373380699936 4857.973491699218 18808.72900390625 63.43505859375 5450.728177157315 88
stats: users_count 51 159
stats: finish_users_count 49 137
stats: request 247 24.13073582205212 33.414849988321464 330.337890625 0.469970703125 20.76099267578125 500
stats: connect 64 7.646339416503905 15.39611402381675 114.2099609375 0.535888671875 9.917490005493164 128
stats: page 232 25.69949446053341 34.2880080026079 330.337890625 0.469970703125 22.334161836357527 465
stats: error_unknown 19 46
stats: 302 61 219
stats: 200 186 528
stats: size_rcv 762626 1998788
stats: newphase 0 2
stats: size_sent 160806 566827
stats: connected 8 28
# stats: dump at 1447909411
stats: users 24 33
stats: {load,"tsung_controller@ip-172-30-3-235"} 1 0.01953125 0.0 0.078125 0.0 0.04248046875 8
stats: {freemem,"tsung_controller@ip-172-30-3-235"} 1 3160.2109375 0.0 3171.3671875 3160.2109375 3165.57275390625 8
stats: {recvpackets,"tsung_controller@ip-172-30-3-235"} 1 1376.0 0.0 1376 152 470.0 7
stats: {sentpackets,"tsung_controller@ip-172-30-3-235"} 1 1372.0 0.0 1372 171 670.1428571428571 7
stats: {cpu,"tsung_controller@ip-172-30-3-235"} 1 5.231984205330701 0.0 5.231984205330701 2.05078125 2.9161447596912944 8
stats: session 38 6037.6193719161165 5832.740036178237 22531.805908203125 63.43505859375 5158.389600322194 137
stats: users_count 40 199
stats: finish_users_count 38 175
stats: request 225 25.702850477430555 34.09710381351594 330.337890625 0.469970703125 21.875218321201473 747
stats: connect 53 10.97033461084906 17.740014412988355 114.2099609375 0.535888671875 9.160439809163412 192
stats: page 210 27.548450288318453 34.749368742705904 330.337890625 0.469970703125 23.45432994081779 697
stats: error_unknown 12 58
stats: 302 73 292
stats: 200 152 680
stats: size_rcv 676834 2675622
stats: newphase 0 2
stats: size_sent 186363 753190
stats: connected -1 27
# stats: dump at 1447909421
stats: users 46 46
stats: {load,"tsung_controller@ip-172-30-3-235"} 1 0.01953125 0.0 0.078125 0.0 0.03993055555555555 9
stats: {freemem,"tsung_controller@ip-172-30-3-235"} 1 3159.05078125 0.0 3171.3671875 3159.05078125 3164.976996527778 9
stats: {recvpackets,"tsung_controller@ip-172-30-3-235"} 1 1207.0 0.0 1376 152 583.25 8
stats: {sentpackets,"tsung_controller@ip-172-30-3-235"} 1 1215.0 0.0 1372 171 757.875 8
stats: {cpu,"tsung_controller@ip-172-30-3-235"} 1 5.118110236220472 0.0 5.231984205330701 2.05078125 3.1734602536512284 9
stats: session 56 5636.084080287388 6408.6873673622185 31808.253173828125 63.43505859375 5349.308065011161 175
stats: users_count 78 277
stats: finish_users_count 56 231
stats: request 293 36.9176087883959 50.967883035616154 330.337890625 0.469970703125 22.76124428329154 972
stats: connect 89 7.257499780547753 15.386697077359932 114.2099609375 0.532958984375 9.551968072385204 245
stats: page 278 38.91683762365105 51.80626489419407 330.337890625 0.469970703125 24.40225196173856 907
stats: error_unknown 24 82
stats: 302 70 362
stats: 200 223 903
stats: size_rcv 1065162 3740784
stats: newphase 1 3
stats: size_sent 217594 970784
stats: connected 17 44
# stats: dump at 1447909431
stats: users 51 62
stats: {load,"tsung_controller@ip-172-30-3-235"} 1 0.01953125 0.0 0.078125 0.0 0.037890625 10
stats: {freemem,"tsung_controller@ip-172-30-3-235"} 1 3153.03515625 0.0 3171.3671875 3153.03515625 3164.384375 10
stats: {recvpackets,"tsung_controller@ip-172-30-3-235"} 1 2298.0 0.0 2298 152 652.5555555555555 9
stats: {sentpackets,"tsung_controller@ip-172-30-3-235"} 1 2222.0 0.0 2222 171 808.6666666666666 9
stats: {cpu,"tsung_controller@ip-172-30-3-235"} 1 7.952286282306163 0.0 7.952286282306163 2.05078125 3.367925251908153 10
stats: session 90 5363.373277452261 4528.491271043683 31808.253173828125 63.43505859375 5418.829523259943 231
stats: users_count 95 372
stats: finish_users_count 90 321
stats: request 466 54.97376955220629 87.36298419319255 586.208984375 0.469970703125 26.040149263525198 1265
stats: connect 128 11.651800155639648 18.4538277997258 114.2099609375 0.509033203125 8.940567838931512 334
stats: page 441 58.097460826778644 90.04296135140888 586.208984375 0.469970703125 27.807361509427736 1185
stats: error_unknown 28 110
stats: 302 114 476
stats: 200 352 1255
stats: size_rcv 1837806 5578590
stats: newphase 0 3
stats: size_sent 317534 1288318
stats: connected 9 53
# stats: dump at 1447909441
stats: users 52 62
stats: {load,"tsung_controller@ip-172-30-3-235"} 1 0.08984375 0.0 0.08984375 0.0 0.03622159090909091 11
stats: {freemem,"tsung_controller@ip-172-30-3-235"} 1 3150.40625 0.0 3171.3671875 3150.40625 3163.352627840909 11
stats: {recvpackets,"tsung_controller@ip-172-30-3-235"} 1 3091.0 0.0 3091 152 817.1 10
stats: {sentpackets,"tsung_controller@ip-172-30-3-235"} 1 2930.0 0.0 2930 171 950.0 10
stats: {cpu,"tsung_controller@ip-172-30-3-235"} 1 10.882352941176471 0.0 10.882352941176471 2.05078125 3.7846853455806992 11
stats: session 70 6201.4903843470975 5311.639230986996 31808.253173828125 63.43505859375 5403.281043126948 321
stats: users_count 71 443
stats: finish_users_count 70 391
stats: request 408 52.78737565582872 93.15294825038863 661.58203125 0.469970703125 33.82932722685587 1731
stats: connect 95 10.003739206414467 17.45352036518579 114.2099609375 0.509033203125 9.691731770833334 462
stats: page 379 56.83679102593172 95.74697967009585 661.58203125 0.469970703125 36.022572947897444 1626
stats: error_unknown 21 131
stats: 302 133 609
stats: 200 275 1530
stats: size_rcv 1529213 7107803
stats: newphase 0 3
stats: size_sent 333734 1622052
stats: connected 0 53
# stats: dump at 1447909451
stats: users 86 86
stats: {load,"tsung_controller@ip-172-30-3-235"} 1 0.078125 0.0 0.08984375 0.0 0.040690104166666664 12
stats: {freemem,"tsung_controller@ip-172-30-3-235"} 1 3150.3671875 0.0 3171.3671875 3150.3671875 3162.2737630208335 12
stats: {recvpackets,"tsung_controller@ip-172-30-3-235"} 1 2150.0 0.0 3091 152 1023.8181818181819 11
stats: {sentpackets,"tsung_controller@ip-172-30-3-235"} 1 2079.0 0.0 2930 171 1130.0 11
stats: {cpu,"tsung_controller@ip-172-30-3-235"} 1 7.305034550839092 0.0 10.882352941176471 2.05078125 4.37615764521368 12
stats: session 81 6245.761697651429 5381.944720131152 31808.253173828125 63.43505859375 5546.182971222627 391
stats: users_count 115 558
stats: finish_users_count 81 472
stats: request 435 67.05556977370694 119.7844716571195 814.522216796875 0.469970703125 37.44544866632334 2139
stats: connect 135 7.063999204282411 14.58895282982831 114.2099609375 0.509033203125 9.744946683544658 557
stats: page 411 70.98040934838806 122.5162872352157 814.522216796875 0.469970703125 39.95703112823409 2005
stats: error_unknown 31 162
stats: 302 121 730
stats: 200 314 1844
stats: size_rcv 1748977 8856780
stats: newphase 1 4
stats: size_sent 362095 1984147
stats: connected 32 85
# stats: dump at 1447909461
stats: users 157 157
stats: {load,"tsung_controller@ip-172-30-3-235"} 1 0.0703125 0.0 0.08984375 0.0 0.043569711538461536 13
stats: {freemem,"tsung_controller@ip-172-30-3-235"} 1 3147.3984375 0.0 3171.3671875 3147.3984375 3161.357872596154 13
stats: {recvpackets,"tsung_controller@ip-172-30-3-235"} 1 3473.0 0.0 3473 152 1117.6666666666667 12
stats: {sentpackets,"tsung_controller@ip-172-30-3-235"} 1 3337.0 0.0 3337 171 1209.0833333333333 12
stats: {cpu,"tsung_controller@ip-172-30-3-235"} 1 11.827956989247312 0.0 11.827956989247312 2.05078125 4.601455868723327 13
stats: session 87 6063.607795101471 4095.6444929631407 31808.253173828125 63.43505859375 5666.2377950377395 472
stats: users_count 158 716
stats: finish_users_count 87 559
stats: request 576 614.2464972601995 595.0213763632235 2321.155029296875 0.469970703125 42.44949011220984 2574
stats: connect 190 7.891791735197368 15.931182878585219 114.2099609375 0.505126953125 9.221929472994942 692
stats: page 532 652.0167603456888 645.3464130938601 2557.56103515625 0.469970703125 45.23460085028844 2416
stats: error_unknown 33 195
stats: 302 157 887
stats: 200 419 2263
stats: size_rcv 2697440 11554220
stats: newphase 0 4
stats: size_sent 402952 2387099
stats: connected 70 155
# stats: dump at 1447909471
stats: users 186 187
stats: {load,"tsung_controller@ip-172-30-3-235"} 1 0.140625 0.0 0.140625 0.0 0.04547991071428571 14
stats: {freemem,"tsung_controller@ip-172-30-3-235"} 1 3132.80859375 0.0 3171.3671875 3132.80859375 3160.360770089286 14
stats: {recvpackets,"tsung_controller@ip-172-30-3-235"} 1 4286.0 0.0 4286 152 1298.8461538461538 13
stats: {sentpackets,"tsung_controller@ip-172-30-3-235"} 1 3947.0 0.0 3947 171 1372.7692307692307 13
stats: {cpu,"tsung_controller@ip-172-30-3-235"} 1 14.760508308895407 0.0 14.760508308895407 2.05078125 5.117634520189325 14
stats: session 128 8922.876609802242 5642.825149376502 31808.253173828125 21.046142578125 5728.0824998777125 559
stats: users_count 157 873
stats: finish_users_count 128 687
stats: request 602 1589.1455325510021 1404.7693761093153 4418.3369140625 0.43505859375 147.0066571335565 3150
stats: connect 192 4.651564280192056 11.848940879384525 114.2099609375 0.495849609375 8.935391865079366 882
stats: page 553 1672.8025101011535 1602.022021387935 5671.652099609375 0.43505859375 154.73531620020464 2948
stats: error_unknown 79 274
stats: 302 112 999
stats: 200 343 2606
stats: size_rcv 2663088 14217308
stats: newphase 0 4
stats: size_sent 367861 2754960
stats: connected 27 182
stats: 400 42 42
stats: 503 105 105
# stats: dump at 1447909481
stats: users 143 194
stats: {load,"tsung_controller@ip-172-30-3-235"} 1 0.12109375 0.0 0.140625 0.0 0.05182291666666667 15
stats: {freemem,"tsung_controller@ip-172-30-3-235"} 1 3133.07421875 0.0 3171.3671875 3132.80859375 3158.523958333333 15
stats: {recvpackets,"tsung_controller@ip-172-30-3-235"} 1 4347.0 0.0 4347 152 1512.2142857142858 14
stats: {sentpackets,"tsung_controller@ip-172-30-3-235"} 1 4172.0 0.0 4172 171 1556.642857142857 14
stats: {cpu,"tsung_controller@ip-172-30-3-235"} 1 16.342412451361866 0.0 16.342412451361866 2.05078125 5.760492772769731 15
stats: session 86 10705.731169944585 7090.742570066645 31808.253173828125 21.046142578125 6323.327981785048 687
stats: users_count 43 916
stats: finish_users_count 86 773
stats: request 422 2145.543843490816 1741.3009172963066 5348.177001953125 0.43505859375 378.39461102516157 3752
stats: connect 72 9.59024386935764 17.271402792871385 114.2099609375 0.495849609375 8.169567939289456 1074
stats: page 387 2293.2179746800334 2010.651741368915 8448.10302734375 0.43505859375 394.52142252046303 3501
stats: error_unknown 53 327
stats: 302 101 1100
stats: 200 247 2853
stats: size_rcv 2353070 16570378
stats: newphase 0 4
stats: size_sent 348576 3103536
stats: connected -38 144
stats: 400 25 67
stats: 503 49 154
# stats: dump at 1447909491
stats: users 26 194
stats: {load,"tsung_controller@ip-172-30-3-235"} 1 0.1015625 0.0 0.140625 0.0 0.05615234375 16
stats: {freemem,"tsung_controller@ip-172-30-3-235"} 1 3119.6796875 0.0 3171.3671875 3119.6796875 3156.933349609375 16
stats: {recvpackets,"tsung_controller@ip-172-30-3-235"} 1 2798.0 0.0 4347 152 1701.2 15
stats: {sentpackets,"tsung_controller@ip-172-30-3-235"} 1 2079.0 0.0 4172 171 1731.0 15
stats: {cpu,"tsung_controller@ip-172-30-3-235"} 1 12.76391554702495 0.0 16.342412451361866 2.05078125 6.421862752681739 16
stats: session 117 22120.106115618324 7565.524124352716 41642.2021484375 21.046142578125 6810.891596509136 773
stats: users_count 0 916
stats: finish_users_count 117 890
stats: request 476 1408.2963154255845 2075.916503793557 6848.0419921875 0.43505859375 557.0570394153164 4174
stats: connect 27 41.554732711226855 3.1190732533423873 114.2099609375 0.495849609375 8.258825065785885 1146
stats: page 453 1604.5349670814355 2500.2345243113173 9113.14990234375 0.43505859375 583.5120515548647 3888
stats: error_unknown 11 338
stats: 302 272 1372
stats: 200 202 3055
stats: size_rcv 1341977 17912355
stats: newphase 0 4
stats: size_sent 659408 3762944
stats: connected -117 27
stats: 400 1 68
stats: 503 1 155
# stats: dump at 1447909501
stats: users 3 194
stats: {load,"tsung_controller@ip-172-30-3-235"} 1 0.078125 0.0 0.140625 0.0 0.058823529411764705 17
stats: {freemem,"tsung_controller@ip-172-30-3-235"} 1 3140.71875 0.0 3171.3671875 3119.6796875 3154.7419577205883 17
stats: {recvpackets,"tsung_controller@ip-172-30-3-235"} 1 1947.0 0.0 4347 152 1769.75 16
stats: {sentpackets,"tsung_controller@ip-172-30-3-235"} 1 1886.0 0.0 4172 171 1752.75 16
stats: {cpu,"tsung_controller@ip-172-30-3-235"} 1 5.247524752475248 0.0 16.342412451361866 2.05078125 6.794924681760752 17
stats: session 23 27472.62557319973 6776.310665911728 52398.492919921875 21.046142578125 8823.451258010007 890
stats: users_count 0 916
stats: finish_users_count 23 913
stats: request 44 57.55584716796875 48.5291509678232 6848.0419921875 0.43505859375 644.1946513251846 4650
stats: connect 0 0 0 114.2099609375 0.495849609375 9.025227032049234 1173
stats: page 43 58.89691020167151 48.34086813546117 9113.14990234375 0.43505859375 690.0597089456817 4341
stats: error_unknown 0 338
stats: 302 42 1414
stats: 200 2 3057
stats: size_rcv 8511 17920866
stats: newphase 0 4
stats: size_sent 219627 3982571
stats: connected -23 4
stats: 400 0 68
stats: 503 0 155
# stats: dump at 1447909509
stats: users 0 194
stats: {load,"tsung_controller@ip-172-30-3-235"} 1 0.0703125 0.0 0.140625 0.0 0.059895833333333336 18
stats: {freemem,"tsung_controller@ip-172-30-3-235"} 1 3140.8203125 0.0 3171.3671875 3119.6796875 3153.962890625 18
stats: {recvpackets,"tsung_controller@ip-172-30-3-235"} 1 104.0 0.0 4347 104 1780.1764705882354 17
stats: {sentpackets,"tsung_controller@ip-172-30-3-235"} 1 176.0 0.0 4172 171 1760.5882352941176 17
stats: {cpu,"tsung_controller@ip-172-30-3-235"} 1 1.4807502467917077 0.0 16.342412451361866 1.4807502467917077 6.708958019022668 18
stats: session 3 40416.9453125 1972.0964218124188 52398.492919921875 21.046142578125 9293.255211185651 913
stats: users_count 0 916
stats: finish_users_count 3 916
stats: request 5 83.21484375 37.310231277528096 6848.0419921875 0.43505859375 638.6956936381549 4694
stats: connect 0 0 0 114.2099609375 0.495849609375 9.025227032049234 1173
stats: page 5 83.21484375 37.310231277528096 9113.14990234375 0.43505859375 683.869015436103 4384
stats: error_unknown 0 338
stats: 302 5 1419
stats: 200 0 3057
stats: size_rcv 525 17921391
stats: newphase 0 4
stats: size_sent 26181 4008752
stats: connected -4 0
stats: 400 0 68
stats: 503 0 155
EndMonitor:{1447,909509,338646}
